<?xml version="1.0" encoding="UTF-8"?>
<!-- Generated by org.testng.reporters.JUnitReportReporter -->
<testsuite hostname="KVM396-R9WAK6G" name="Scriptstorun.Dashboard1" tests="2" failures="0" timestamp="2 Jun 2017 12:52:32 GMT" time="58.821" errors="0">
  <testcase name="login1" time="31.487" classname="Scriptstorun.Dashboard1"/>
  <testcase name="login1" time="27.334" classname="Scriptstorun.Dashboard1"/>
</testsuite> <!-- Scriptstorun.Dashboard1 -->
